<?xml version="1.0" encoding="UTF-8"?>
<!-- Generated by org.testng.reporters.JUnitXMLReporter -->
<testsuite hostname="DESKTOP-GT5QT42" ignored="0" name="Default test" tests="3" failures="0" timestamp="2021-07-15T12:44:12 IST" time="5.112" errors="0">
  <testcase name="postTest" time="3.267" classname="Project.Project"/>
  <testcase name="getTest" time="0.493" classname="Project.Project"/>
  <testcase name="deleteTest" time="0.526" classname="Project.Project"/>
</testsuite> <!-- Default test -->
