<?xml version="1.0" encoding="UTF-8"?>
<testng-results skipped="0" failed="0" ignored="0" total="1" passed="1">
  <reporter-output>
  </reporter-output>
  <suite name="Default suite" duration-ms="4276" started-at="2021-07-05T18:24:10Z" finished-at="2021-07-05T18:24:14Z">
    <groups>
    </groups>
    <test name="Default test" duration-ms="4276" started-at="2021-07-05T18:24:10Z" finished-at="2021-07-05T18:24:14Z">
      <class name="Activity3">
        <test-method status="PASS" signature="puttest()[pri:0, instance:Activity3@4cc0edeb]" name="puttest" duration-ms="4223" started-at="2021-07-05T18:24:10Z" finished-at="2021-07-05T18:24:14Z">
          <reporter-output>
          </reporter-output>
        </test-method> <!-- puttest -->
      </class> <!-- Activity3 -->
    </test> <!-- Default test -->
  </suite> <!-- Default suite -->
</testng-results>
